<?xml version="1.0" encoding="UTF-8"?>
<testsuite name="com.example.boardservice.controller.BoardControllerTest" tests="3" skipped="0" failures="0" errors="0" timestamp="2026-02-08T02:53:37.002Z" hostname="wonui-MacBookPro.local" time="0.088">
  <properties/>
  <testcase name="게시글 전체 조회 API 테스트" classname="com.example.boardservice.controller.BoardControllerTest" time="0.065"/>
  <testcase name="게시글 생성 API 테스트" classname="com.example.boardservice.controller.BoardControllerTest" time="0.016"/>
  <testcase name="게시글 단건 조회 API 테스트" classname="com.example.boardservice.controller.BoardControllerTest" time="0.005"/>
  <system-out><![CDATA[11:53:36.023 [Test worker] INFO org.springframework.test.context.support.AnnotationConfigContextLoaderUtils -- Could not detect default configuration classes for test class [com.example.boardservice.controller.BoardControllerTest]: BoardControllerTest does not declare any static, non-private, non-final, nested classes annotated with @Configuration.
11:53:36.070 [Test worker] INFO org.springframework.boot.test.context.SpringBootTestContextBootstrapper -- Found @SpringBootConfiguration com.example.boardservice.BoardServiceApplication for test class com.example.boardservice.controller.BoardControllerTest

  .   ____          _            __ _ _
 /\\ / ___'_ __ _ _(_)_ __  __ _ \ \ \ \
( ( )\___ | '_ | '_| | '_ \/ _` | \ \ \ \
 \\/  ___)| |_)| | | | | || (_| |  ) ) ) )
  '  |____| .__|_| |_|_| |_\__, | / / / /
 =========|_|==============|___/=/_/_/_/

 :: Spring Boot ::                (v3.4.2)

2026-02-08T11:53:36.219+09:00  INFO 32427 --- [    Test worker] c.e.b.controller.BoardControllerTest     : Starting BoardControllerTest using Java 21.0.10 with PID 32427 (started by user in /Users/user/projects/MSA/boardservice)
2026-02-08T11:53:36.220+09:00  INFO 32427 --- [    Test worker] c.e.b.controller.BoardControllerTest     : No active profile set, falling back to 1 default profile: "default"
2026-02-08T11:53:36.974+09:00  INFO 32427 --- [    Test worker] o.s.b.t.m.w.SpringBootMockServletContext : Initializing Spring TestDispatcherServlet ''
2026-02-08T11:53:36.974+09:00  INFO 32427 --- [    Test worker] o.s.t.web.servlet.TestDispatcherServlet  : Initializing Servlet ''
2026-02-08T11:53:36.975+09:00  INFO 32427 --- [    Test worker] o.s.t.web.servlet.TestDispatcherServlet  : Completed initialization in 1 ms
2026-02-08T11:53:36.998+09:00  INFO 32427 --- [    Test worker] c.e.b.controller.BoardControllerTest     : Started BoardControllerTest in 0.9 seconds (process running for 1.358)
]]></system-out>
  <system-err><![CDATA[Mockito is currently self-attaching to enable the inline-mock-maker. This will no longer work in future releases of the JDK. Please add Mockito as an agent to your build what is described in Mockito's documentation: https://javadoc.io/doc/org.mockito/mockito-core/latest/org/mockito/Mockito.html#0.3
WARNING: A Java agent has been loaded dynamically (/Users/user/.gradle/caches/modules-2/files-2.1/net.bytebuddy/byte-buddy-agent/1.15.11/a38b16385e867f59a641330f0362ebe742788ed8/byte-buddy-agent-1.15.11.jar)
WARNING: If a serviceability tool is in use, please run with -XX:+EnableDynamicAgentLoading to hide this warning
WARNING: If a serviceability tool is not in use, please run with -Djdk.instrument.traceUsage for more information
WARNING: Dynamic loading of agents will be disallowed by default in a future release
]]></system-err>
</testsuite>
