<?xml version="1.0" encoding="UTF-8"?>
<testsuite name="com.example.userservice.service.UserServiceTest" tests="2" skipped="0" failures="0" errors="0" timestamp="2026-02-08T02:27:53" hostname="wonui-MacBookPro.local" time="0.068">
  <properties/>
  <testcase name="회원가입 성공 테스트" classname="com.example.userservice.service.UserServiceTest" time="0.065"/>
  <testcase name="유저 단건 조회 테스트" classname="com.example.userservice.service.UserServiceTest" time="0.003"/>
  <system-out><![CDATA[]]></system-out>
  <system-err><![CDATA[]]></system-err>
</testsuite>
