<?xml version="1.0" encoding="UTF-8"?>
<testsuite name="com.example.userservice.controller.UserControllerTest" tests="2" skipped="0" failures="0" errors="0" timestamp="2026-02-08T02:27:53" hostname="wonui-MacBookPro.local" time="0.077">
  <properties/>
  <testcase name="회원가입 API 테스트" classname="com.example.userservice.controller.UserControllerTest" time="0.056"/>
  <testcase name="유저 조회 API 테스트" classname="com.example.userservice.controller.UserControllerTest" time="0.019"/>
  <system-out><![CDATA[11:27:52.323 [Test worker] INFO org.springframework.test.context.support.AnnotationConfigContextLoaderUtils -- Could not detect default configuration classes for test class [com.example.userservice.controller.UserControllerTest]: UserControllerTest does not declare any static, non-private, non-final, nested classes annotated with @Configuration.
11:27:52.368 [Test worker] INFO org.springframework.boot.test.context.SpringBootTestContextBootstrapper -- Found @SpringBootConfiguration com.example.userservice.UserServiceApplication for test class com.example.userservice.controller.UserControllerTest

  .   ____          _            __ _ _
 /\\ / ___'_ __ _ _(_)_ __  __ _ \ \ \ \
( ( )\___ | '_ | '_| | '_ \/ _` | \ \ \ \
 \\/  ___)| |_)| | | | | || (_| |  ) ) ) )
  '  |____| .__|_| |_|_| |_\__, | / / / /
 =========|_|==============|___/=/_/_/_/

 :: Spring Boot ::                (v3.4.2)

2026-02-08T11:27:52.515+09:00  INFO 29363 --- [userservice] [    Test worker] c.e.u.controller.UserControllerTest      : Starting UserControllerTest using Java 21.0.10 with PID 29363 (started by user in /Users/user/projects/MSA/userservice)
2026-02-08T11:27:52.516+09:00  INFO 29363 --- [userservice] [    Test worker] c.e.u.controller.UserControllerTest      : No active profile set, falling back to 1 default profile: "default"
2026-02-08T11:27:53.213+09:00  INFO 29363 --- [userservice] [    Test worker] o.s.b.t.m.w.SpringBootMockServletContext : Initializing Spring TestDispatcherServlet ''
2026-02-08T11:27:53.213+09:00  INFO 29363 --- [userservice] [    Test worker] o.s.t.web.servlet.TestDispatcherServlet  : Initializing Servlet ''
2026-02-08T11:27:53.214+09:00  INFO 29363 --- [userservice] [    Test worker] o.s.t.web.servlet.TestDispatcherServlet  : Completed initialization in 1 ms
2026-02-08T11:27:53.231+09:00  INFO 29363 --- [userservice] [    Test worker] c.e.u.controller.UserControllerTest      : Started UserControllerTest in 0.833 seconds (process running for 1.213)
]]></system-out>
  <system-err><![CDATA[Mockito is currently self-attaching to enable the inline-mock-maker. This will no longer work in future releases of the JDK. Please add Mockito as an agent to your build what is described in Mockito's documentation: https://javadoc.io/doc/org.mockito/mockito-core/latest/org/mockito/Mockito.html#0.3
WARNING: A Java agent has been loaded dynamically (/Users/user/.gradle/caches/modules-2/files-2.1/net.bytebuddy/byte-buddy-agent/1.15.11/a38b16385e867f59a641330f0362ebe742788ed8/byte-buddy-agent-1.15.11.jar)
WARNING: If a serviceability tool is in use, please run with -XX:+EnableDynamicAgentLoading to hide this warning
WARNING: If a serviceability tool is not in use, please run with -Djdk.instrument.traceUsage for more information
WARNING: Dynamic loading of agents will be disallowed by default in a future release
]]></system-err>
</testsuite>
